[debug] [2017-09-07T00:22:48.896Z] ----------------------------------------------------------------------
[debug] [2017-09-07T00:22:48.899Z] Command:       /usr/local/Cellar/node/8.1.2/bin/node /usr/local/bin/firebase serve
[debug] [2017-09-07T00:22:48.899Z] CLI Version:   3.10.0
[debug] [2017-09-07T00:22:48.899Z] Platform:      darwin
[debug] [2017-09-07T00:22:48.899Z] Node Version:  v8.1.2
[debug] [2017-09-07T00:22:48.899Z] Time:          Wed Sep 06 2017 17:22:48 GMT-0700 (PDT)
[debug] [2017-09-07T00:22:48.899Z] ----------------------------------------------------------------------
[debug] 
[debug] [2017-09-07T00:22:48.914Z] > command requires scopes: ["email","openid","https://www.googleapis.com/auth/cloudplatformprojects.readonly","https://www.googleapis.com/auth/firebase","https://www.googleapis.com/auth/cloud-platform"]
[debug] [2017-09-07T00:22:48.914Z] > authorizing via signed-in user
[debug] [2017-09-07T00:22:48.916Z] > refreshing access token with scopes: ["email","https://www.googleapis.com/auth/cloud-platform","https://www.googleapis.com/auth/cloudplatformprojects.readonly","https://www.googleapis.com/auth/firebase","openid"]
[debug] [2017-09-07T00:22:48.917Z] >>> HTTP REQUEST POST https://www.googleapis.com/oauth2/v3/token { refresh_token: '1/xhGhooizhANth1jvnrfclbdAHDSQl8zuTUpWw4FHq9k',
  client_id: '563584335869-fgrhgmd47bqnekij5i8b5pr03ho849e6.apps.googleusercontent.com',
  client_secret: 'j9iVZfS8kkCEFUPaAeJV0sAi',
  grant_type: 'refresh_token',
  scope: 'email https://www.googleapis.com/auth/cloud-platform https://www.googleapis.com/auth/cloudplatformprojects.readonly https://www.googleapis.com/auth/firebase openid' } 
 Wed Sep 06 2017 17:22:48 GMT-0700 (PDT)
[debug] [2017-09-07T00:22:49.212Z] <<< HTTP RESPONSE 200
[debug] [2017-09-07T00:22:49.220Z] >>> HTTP REQUEST GET https://admin.firebase.com/v1/projects/running-app-58fcf  
 Wed Sep 06 2017 17:22:49 GMT-0700 (PDT)
[debug] [2017-09-07T00:22:49.698Z] <<< HTTP RESPONSE 200
[debug] [2017-09-07T00:22:49.699Z] >>> HTTP REQUEST GET https://admin.firebase.com/v1/database/running-app-58fcf/tokens  
 Wed Sep 06 2017 17:22:49 GMT-0700 (PDT)
[debug] [2017-09-07T00:22:50.544Z] <<< HTTP RESPONSE 200
[info] 
[info] === Serving from '/Users/darrenkwong/Running-App'...
[info] 
[debug] [2017-09-07T00:22:50.547Z] >>> HTTP REQUEST GET https://cloudresourcemanager.googleapis.com/v1/projects/running-app-58fcf  
 Wed Sep 06 2017 17:22:50 GMT-0700 (PDT)
[debug] [2017-09-07T00:22:51.339Z] <<< HTTP RESPONSE 200
[debug] [2017-09-07T00:22:51.340Z] >>> HTTP REQUEST GET https://mobilesdk-pa.googleapis.com/v1/projects/886763704573/clients/_:getWebAppConfig  
 Wed Sep 06 2017 17:22:51 GMT-0700 (PDT)
[debug] [2017-09-07T00:22:52.890Z] <<< HTTP RESPONSE 200
[warn] ⚠  hosting: Port 5000 is not available. Trying another port...
[debug] [2017-09-07T00:22:52.927Z] >>> HTTP REQUEST GET https://cloudresourcemanager.googleapis.com/v1/projects/running-app-58fcf  
 Wed Sep 06 2017 17:22:52 GMT-0700 (PDT)
[debug] [2017-09-07T00:22:53.292Z] <<< HTTP RESPONSE 200
[debug] [2017-09-07T00:22:53.293Z] >>> HTTP REQUEST GET https://mobilesdk-pa.googleapis.com/v1/projects/886763704573/clients/_:getWebAppConfig  
 Wed Sep 06 2017 17:22:53 GMT-0700 (PDT)
[debug] [2017-09-07T00:22:53.765Z] <<< HTTP RESPONSE 200
[warn] ⚠  hosting: Port 5004 is not available. Trying another port...
[debug] [2017-09-07T00:22:53.768Z] >>> HTTP REQUEST GET https://cloudresourcemanager.googleapis.com/v1/projects/running-app-58fcf  
 Wed Sep 06 2017 17:22:53 GMT-0700 (PDT)
[debug] [2017-09-07T00:22:54.064Z] <<< HTTP RESPONSE 200
[debug] [2017-09-07T00:22:54.066Z] >>> HTTP REQUEST GET https://mobilesdk-pa.googleapis.com/v1/projects/886763704573/clients/_:getWebAppConfig  
 Wed Sep 06 2017 17:22:54 GMT-0700 (PDT)
[debug] [2017-09-07T00:22:54.542Z] <<< HTTP RESPONSE 200
[warn] ⚠  hosting: Port 5008 is not available. Trying another port...
[debug] [2017-09-07T00:22:54.544Z] >>> HTTP REQUEST GET https://cloudresourcemanager.googleapis.com/v1/projects/running-app-58fcf  
 Wed Sep 06 2017 17:22:54 GMT-0700 (PDT)
[debug] [2017-09-07T00:22:54.906Z] <<< HTTP RESPONSE 200
[debug] [2017-09-07T00:22:54.906Z] >>> HTTP REQUEST GET https://mobilesdk-pa.googleapis.com/v1/projects/886763704573/clients/_:getWebAppConfig  
 Wed Sep 06 2017 17:22:54 GMT-0700 (PDT)
[debug] [2017-09-07T00:22:55.271Z] <<< HTTP RESPONSE 200
[debug] [2017-09-07T00:22:55.276Z] TypeError: Cannot read property 'public' of undefined
    at Server.<anonymous> (/usr/local/lib/node_modules/firebase-tools/lib/serve/hosting.js:34:17)
    at Object.onceWrapper (events.js:314:30)
    at emitNone (events.js:105:13)
    at Server.emit (events.js:207:7)
    at emitListeningNT (net.js:1334:10)
    at _combinedTickCallback (internal/process/next_tick.js:99:11)
    at process._tickCallback (internal/process/next_tick.js:161:9)
[error] 
[error] Error: An unexpected error has occurred.
[debug] [2017-09-07T00:23:24.111Z] ----------------------------------------------------------------------
[debug] [2017-09-07T00:23:24.113Z] Command:       /usr/local/Cellar/node/8.1.2/bin/node /usr/local/bin/firebase serve
[debug] [2017-09-07T00:23:24.113Z] CLI Version:   3.10.0
[debug] [2017-09-07T00:23:24.114Z] Platform:      darwin
[debug] [2017-09-07T00:23:24.114Z] Node Version:  v8.1.2
[debug] [2017-09-07T00:23:24.114Z] Time:          Wed Sep 06 2017 17:23:24 GMT-0700 (PDT)
[debug] [2017-09-07T00:23:24.114Z] ----------------------------------------------------------------------
[debug] 
[debug] [2017-09-07T00:23:24.129Z] > command requires scopes: ["email","openid","https://www.googleapis.com/auth/cloudplatformprojects.readonly","https://www.googleapis.com/auth/firebase","https://www.googleapis.com/auth/cloud-platform"]
[debug] [2017-09-07T00:23:24.129Z] > authorizing via signed-in user
[debug] [2017-09-07T00:23:24.131Z] >>> HTTP REQUEST GET https://admin.firebase.com/v1/projects/running-app-58fcf  
 Wed Sep 06 2017 17:23:24 GMT-0700 (PDT)
[debug] [2017-09-07T00:23:24.630Z] <<< HTTP RESPONSE 200
[debug] [2017-09-07T00:23:24.631Z] >>> HTTP REQUEST GET https://admin.firebase.com/v1/database/running-app-58fcf/tokens  
 Wed Sep 06 2017 17:23:24 GMT-0700 (PDT)
[debug] [2017-09-07T00:23:25.441Z] <<< HTTP RESPONSE 200
[info] 
[info] === Serving from '/Users/darrenkwong/Running-App'...
[info] 
[debug] [2017-09-07T00:23:25.444Z] >>> HTTP REQUEST GET https://cloudresourcemanager.googleapis.com/v1/projects/running-app-58fcf  
 Wed Sep 06 2017 17:23:25 GMT-0700 (PDT)
[debug] [2017-09-07T00:23:25.911Z] <<< HTTP RESPONSE 200
[debug] [2017-09-07T00:23:25.911Z] >>> HTTP REQUEST GET https://mobilesdk-pa.googleapis.com/v1/projects/886763704573/clients/_:getWebAppConfig  
 Wed Sep 06 2017 17:23:25 GMT-0700 (PDT)
[debug] [2017-09-07T00:23:26.451Z] <<< HTTP RESPONSE 200
[warn] ⚠  hosting: Port 5000 is not available. Trying another port...
[debug] [2017-09-07T00:23:26.482Z] >>> HTTP REQUEST GET https://cloudresourcemanager.googleapis.com/v1/projects/running-app-58fcf  
 Wed Sep 06 2017 17:23:26 GMT-0700 (PDT)
[debug] [2017-09-07T00:23:26.804Z] <<< HTTP RESPONSE 200
[debug] [2017-09-07T00:23:26.805Z] >>> HTTP REQUEST GET https://mobilesdk-pa.googleapis.com/v1/projects/886763704573/clients/_:getWebAppConfig  
 Wed Sep 06 2017 17:23:26 GMT-0700 (PDT)
[debug] [2017-09-07T00:23:28.102Z] <<< HTTP RESPONSE 200
[warn] ⚠  hosting: Port 5004 is not available. Trying another port...
[debug] [2017-09-07T00:23:28.105Z] >>> HTTP REQUEST GET https://cloudresourcemanager.googleapis.com/v1/projects/running-app-58fcf  
 Wed Sep 06 2017 17:23:28 GMT-0700 (PDT)
[debug] [2017-09-07T00:23:28.476Z] <<< HTTP RESPONSE 200
[debug] [2017-09-07T00:23:28.477Z] >>> HTTP REQUEST GET https://mobilesdk-pa.googleapis.com/v1/projects/886763704573/clients/_:getWebAppConfig  
 Wed Sep 06 2017 17:23:28 GMT-0700 (PDT)
[debug] [2017-09-07T00:23:28.882Z] <<< HTTP RESPONSE 200
[warn] ⚠  hosting: Port 5008 is not available. Trying another port...
[debug] [2017-09-07T00:23:28.885Z] >>> HTTP REQUEST GET https://cloudresourcemanager.googleapis.com/v1/projects/running-app-58fcf  
 Wed Sep 06 2017 17:23:28 GMT-0700 (PDT)
[debug] [2017-09-07T00:23:29.185Z] <<< HTTP RESPONSE 200
[debug] [2017-09-07T00:23:29.186Z] >>> HTTP REQUEST GET https://mobilesdk-pa.googleapis.com/v1/projects/886763704573/clients/_:getWebAppConfig  
 Wed Sep 06 2017 17:23:29 GMT-0700 (PDT)
[debug] [2017-09-07T00:23:29.546Z] <<< HTTP RESPONSE 200
[info] i  hosting: Serving hosting files from: ./
[info] ✔  hosting: Local server: http://localhost:5012

